mode: atomic
github.com/flashlab/vernon-license/internal/domain/client_license.go:51.40,52.26 1 6
github.com/flashlab/vernon-license/internal/domain/client_license.go:52.26,54.3 1 3
github.com/flashlab/vernon-license/internal/domain/client_license.go:55.2,55.25 1 3
github.com/flashlab/vernon-license/internal/domain/client_license.go:55.25,57.3 1 1
github.com/flashlab/vernon-license/internal/domain/client_license.go:58.2,58.14 1 2
github.com/flashlab/vernon-license/internal/domain/client_license.go:62.46,63.18 1 4
github.com/flashlab/vernon-license/internal/domain/client_license.go:64.19,65.21 1 1
github.com/flashlab/vernon-license/internal/domain/client_license.go:66.17,67.19 1 1
github.com/flashlab/vernon-license/internal/domain/client_license.go:68.26,69.28 1 1
github.com/flashlab/vernon-license/internal/domain/client_license.go:70.10,71.59 1 1
github.com/flashlab/vernon-license/internal/domain/client_license.go:71.59,73.4 1 1
github.com/flashlab/vernon-license/internal/domain/client_license.go:74.3,74.12 1 0
github.com/flashlab/vernon-license/internal/domain/proposal.go:70.55,90.27 4 4
github.com/flashlab/vernon-license/internal/domain/proposal.go:90.27,91.41 1 52
github.com/flashlab/vernon-license/internal/domain/proposal.go:91.41,97.4 1 5
github.com/flashlab/vernon-license/internal/domain/proposal.go:97.9,99.4 1 47
github.com/flashlab/vernon-license/internal/domain/proposal.go:102.2,109.3 2 4
github.com/flashlab/vernon-license/internal/domain/proposal.go:114.62,116.49 2 0
github.com/flashlab/vernon-license/internal/domain/proposal.go:116.49,118.3 1 0
github.com/flashlab/vernon-license/internal/domain/proposal.go:119.2,119.17 1 0
github.com/flashlab/vernon-license/cmd/migrate/main.go:17.13,22.17 3 0
github.com/flashlab/vernon-license/cmd/migrate/main.go:22.17,24.3 1 0
github.com/flashlab/vernon-license/cmd/migrate/main.go:26.2,27.16 2 0
github.com/flashlab/vernon-license/cmd/migrate/main.go:27.16,29.3 1 0
github.com/flashlab/vernon-license/cmd/migrate/main.go:30.2,32.34 2 0
github.com/flashlab/vernon-license/cmd/migrate/main.go:32.34,34.3 1 0
github.com/flashlab/vernon-license/cmd/migrate/main.go:36.2,42.46 3 0
github.com/flashlab/vernon-license/cmd/migrate/main.go:42.46,44.3 1 0
github.com/flashlab/vernon-license/cmd/migrate/main.go:46.2,47.16 2 0
github.com/flashlab/vernon-license/cmd/migrate/main.go:47.16,49.3 1 0
github.com/flashlab/vernon-license/cmd/migrate/main.go:51.2,51.44 1 0
github.com/flashlab/vernon-license/internal/service/audit_helper.go:26.3,37.48 2 0
github.com/flashlab/vernon-license/internal/service/audit_helper.go:37.48,44.3 1 0
github.com/flashlab/vernon-license/internal/service/audit_service.go:21.88,26.2 1 0
github.com/flashlab/vernon-license/internal/service/audit_service.go:38.3,39.20 1 0
github.com/flashlab/vernon-license/internal/service/audit_service.go:39.20,41.3 1 0
github.com/flashlab/vernon-license/internal/service/audit_service.go:42.2,42.21 1 0
github.com/flashlab/vernon-license/internal/service/audit_service.go:42.21,44.3 1 0
github.com/flashlab/vernon-license/internal/service/audit_service.go:46.2,57.50 2 0
github.com/flashlab/vernon-license/internal/service/audit_service.go:57.50,64.3 1 0
github.com/flashlab/vernon-license/internal/service/audit_service.go:68.125,70.16 2 0
github.com/flashlab/vernon-license/internal/service/audit_service.go:70.16,72.3 1 0
github.com/flashlab/vernon-license/internal/service/audit_service.go:73.2,73.18 1 0
github.com/flashlab/vernon-license/internal/service/audit_service.go:77.100,79.16 2 0
github.com/flashlab/vernon-license/internal/service/audit_service.go:79.16,81.3 1 0
github.com/flashlab/vernon-license/internal/service/audit_service.go:82.2,82.18 1 0
github.com/flashlab/vernon-license/internal/service/auth_service.go:27.143,34.2 1 0
github.com/flashlab/vernon-license/internal/service/auth_service.go:39.104,41.16 2 0
github.com/flashlab/vernon-license/internal/service/auth_service.go:41.16,43.3 1 0
github.com/flashlab/vernon-license/internal/service/auth_service.go:45.2,45.99 1 0
github.com/flashlab/vernon-license/internal/service/auth_service.go:45.99,47.3 1 0
github.com/flashlab/vernon-license/internal/service/auth_service.go:49.2,49.20 1 0
github.com/flashlab/vernon-license/internal/service/auth_service.go:49.20,51.3 1 0
github.com/flashlab/vernon-license/internal/service/auth_service.go:53.2,54.16 2 0
github.com/flashlab/vernon-license/internal/service/auth_service.go:54.16,56.3 1 0
github.com/flashlab/vernon-license/internal/service/auth_service.go:58.2,61.25 3 0
github.com/flashlab/vernon-license/internal/service/auth_service.go:66.68,68.2 1 0
github.com/flashlab/vernon-license/internal/service/auth_service.go:71.90,73.16 2 0
github.com/flashlab/vernon-license/internal/service/auth_service.go:73.16,75.3 1 0
github.com/flashlab/vernon-license/internal/service/auth_service.go:76.2,76.18 1 0
github.com/flashlab/vernon-license/internal/service/company_service.go:47.124,53.2 1 0
github.com/flashlab/vernon-license/internal/service/company_service.go:56.79,58.16 2 0
github.com/flashlab/vernon-license/internal/service/company_service.go:58.16,60.3 1 0
github.com/flashlab/vernon-license/internal/service/company_service.go:61.2,61.23 1 0
github.com/flashlab/vernon-license/internal/service/company_service.go:65.94,67.16 2 0
github.com/flashlab/vernon-license/internal/service/company_service.go:67.16,69.3 1 0
github.com/flashlab/vernon-license/internal/service/company_service.go:70.2,70.21 1 0
github.com/flashlab/vernon-license/internal/service/company_service.go:75.142,76.20 1 0
github.com/flashlab/vernon-license/internal/service/company_service.go:76.20,78.3 1 0
github.com/flashlab/vernon-license/internal/service/company_service.go:80.2,95.52 2 0
github.com/flashlab/vernon-license/internal/service/company_service.go:95.52,97.3 1 0
github.com/flashlab/vernon-license/internal/service/company_service.go:99.2,110.21 3 0
github.com/flashlab/vernon-license/internal/service/company_service.go:115.156,116.20 1 0
github.com/flashlab/vernon-license/internal/service/company_service.go:116.20,118.3 1 0
github.com/flashlab/vernon-license/internal/service/company_service.go:120.2,121.16 2 0
github.com/flashlab/vernon-license/internal/service/company_service.go:121.16,123.3 1 0
github.com/flashlab/vernon-license/internal/service/company_service.go:125.2,134.52 9 0
github.com/flashlab/vernon-license/internal/service/company_service.go:134.52,136.3 1 0
github.com/flashlab/vernon-license/internal/service/company_service.go:138.2,149.21 3 0
github.com/flashlab/vernon-license/internal/service/company_service.go:154.111,155.47 1 0
github.com/flashlab/vernon-license/internal/service/company_service.go:155.47,157.3 1 0
github.com/flashlab/vernon-license/internal/service/company_service.go:159.2,162.12 3 0
github.com/flashlab/vernon-license/internal/service/license_service.go:32.19,40.2 1 0
github.com/flashlab/vernon-license/internal/service/license_service.go:79.85,81.16 2 0
github.com/flashlab/vernon-license/internal/service/license_service.go:81.16,83.3 1 0
github.com/flashlab/vernon-license/internal/service/license_service.go:84.2,84.22 1 0
github.com/flashlab/vernon-license/internal/service/license_service.go:88.115,90.16 2 0
github.com/flashlab/vernon-license/internal/service/license_service.go:90.16,92.3 1 0
github.com/flashlab/vernon-license/internal/service/license_service.go:93.2,93.22 1 0
github.com/flashlab/vernon-license/internal/service/license_service.go:97.100,99.16 2 0
github.com/flashlab/vernon-license/internal/service/license_service.go:99.16,101.3 1 0
github.com/flashlab/vernon-license/internal/service/license_service.go:102.2,102.21 1 0
github.com/flashlab/vernon-license/internal/service/license_service.go:108.154,111.16 2 0
github.com/flashlab/vernon-license/internal/service/license_service.go:111.16,113.3 1 0
github.com/flashlab/vernon-license/internal/service/license_service.go:114.2,114.23 1 0
github.com/flashlab/vernon-license/internal/service/license_service.go:114.23,116.3 1 0
github.com/flashlab/vernon-license/internal/service/license_service.go:119.2,120.16 2 0
github.com/flashlab/vernon-license/internal/service/license_service.go:120.16,122.3 1 0
github.com/flashlab/vernon-license/internal/service/license_service.go:125.2,126.16 2 0
github.com/flashlab/vernon-license/internal/service/license_service.go:126.16,128.3 1 0
github.com/flashlab/vernon-license/internal/service/license_service.go:131.2,132.25 2 0
github.com/flashlab/vernon-license/internal/service/license_service.go:132.25,134.3 1 0
github.com/flashlab/vernon-license/internal/service/license_service.go:136.2,165.52 3 0
github.com/flashlab/vernon-license/internal/service/license_service.go:165.52,167.3 1 0
github.com/flashlab/vernon-license/internal/service/license_service.go:170.2,173.21 3 0
github.com/flashlab/vernon-license/internal/service/license_service.go:179.161,182.16 2 0
github.com/flashlab/vernon-license/internal/service/license_service.go:182.16,184.3 1 0
github.com/flashlab/vernon-license/internal/service/license_service.go:187.2,188.16 2 0
github.com/flashlab/vernon-license/internal/service/license_service.go:188.16,190.3 1 0
github.com/flashlab/vernon-license/internal/service/license_service.go:192.2,221.52 3 0
github.com/flashlab/vernon-license/internal/service/license_service.go:221.52,223.3 1 0
github.com/flashlab/vernon-license/internal/service/license_service.go:226.2,232.21 3 0
github.com/flashlab/vernon-license/internal/service/license_service.go:237.113,239.16 2 0
github.com/flashlab/vernon-license/internal/service/license_service.go:239.16,241.3 1 0
github.com/flashlab/vernon-license/internal/service/license_service.go:243.2,243.69 1 0
github.com/flashlab/vernon-license/internal/service/license_service.go:243.69,245.3 1 0
github.com/flashlab/vernon-license/internal/service/license_service.go:247.2,249.63 2 0
github.com/flashlab/vernon-license/internal/service/license_service.go:249.63,251.3 1 0
github.com/flashlab/vernon-license/internal/service/license_service.go:254.2,257.12 3 0
github.com/flashlab/vernon-license/internal/service/license_service.go:262.112,264.16 2 0
github.com/flashlab/vernon-license/internal/service/license_service.go:264.16,266.3 1 0
github.com/flashlab/vernon-license/internal/service/license_service.go:268.2,268.72 1 0
github.com/flashlab/vernon-license/internal/service/license_service.go:268.72,270.3 1 0
github.com/flashlab/vernon-license/internal/service/license_service.go:272.2,274.66 2 0
github.com/flashlab/vernon-license/internal/service/license_service.go:274.66,276.3 1 0
github.com/flashlab/vernon-license/internal/service/license_service.go:279.2,282.12 3 0
github.com/flashlab/vernon-license/internal/service/license_service.go:287.135,289.16 2 0
github.com/flashlab/vernon-license/internal/service/license_service.go:289.16,291.3 1 0
github.com/flashlab/vernon-license/internal/service/license_service.go:293.2,293.69 1 0
github.com/flashlab/vernon-license/internal/service/license_service.go:293.69,295.3 1 0
github.com/flashlab/vernon-license/internal/service/license_service.go:297.2,301.52 4 0
github.com/flashlab/vernon-license/internal/service/license_service.go:301.52,303.3 1 0
github.com/flashlab/vernon-license/internal/service/license_service.go:306.2,313.12 3 0
github.com/flashlab/vernon-license/internal/service/license_service.go:318.113,320.16 2 0
github.com/flashlab/vernon-license/internal/service/license_service.go:320.16,322.3 1 0
github.com/flashlab/vernon-license/internal/service/license_service.go:324.2,324.68 1 0
github.com/flashlab/vernon-license/internal/service/license_service.go:324.68,326.3 1 0
github.com/flashlab/vernon-license/internal/service/license_service.go:328.2,330.62 2 0
github.com/flashlab/vernon-license/internal/service/license_service.go:330.62,332.3 1 0
github.com/flashlab/vernon-license/internal/service/license_service.go:335.2,338.12 3 0
github.com/flashlab/vernon-license/internal/service/license_service.go:343.152,345.16 2 0
github.com/flashlab/vernon-license/internal/service/license_service.go:345.16,347.3 1 0
github.com/flashlab/vernon-license/internal/service/license_service.go:350.2,375.29 12 0
github.com/flashlab/vernon-license/internal/service/license_service.go:375.29,377.3 1 0
github.com/flashlab/vernon-license/internal/service/license_service.go:378.2,380.52 2 0
github.com/flashlab/vernon-license/internal/service/license_service.go:380.52,382.3 1 0
github.com/flashlab/vernon-license/internal/service/license_service.go:385.2,404.12 4 0
github.com/flashlab/vernon-license/internal/service/license_service.go:409.48,419.9 3 0
github.com/flashlab/vernon-license/internal/service/license_service.go:419.9,421.3 1 0
github.com/flashlab/vernon-license/internal/service/license_service.go:422.2,422.28 1 0
github.com/flashlab/vernon-license/internal/service/license_service.go:422.28,423.14 1 0
github.com/flashlab/vernon-license/internal/service/license_service.go:423.14,425.4 1 0
github.com/flashlab/vernon-license/internal/service/license_service.go:427.2,427.93 1 0
github.com/flashlab/vernon-license/internal/service/license_service.go:441.3,452.55 2 0
github.com/flashlab/vernon-license/internal/service/license_service.go:452.55,459.3 1 0
github.com/flashlab/vernon-license/internal/service/notification_service.go:22.106,27.2 1 0
github.com/flashlab/vernon-license/internal/service/notification_service.go:30.134,31.17 1 0
github.com/flashlab/vernon-license/internal/service/notification_service.go:31.17,33.3 1 0
github.com/flashlab/vernon-license/internal/service/notification_service.go:35.2,46.46 2 0
github.com/flashlab/vernon-license/internal/service/notification_service.go:46.46,48.3 1 0
github.com/flashlab/vernon-license/internal/service/notification_service.go:49.2,49.12 1 0
github.com/flashlab/vernon-license/internal/service/notification_service.go:53.114,55.16 2 0
github.com/flashlab/vernon-license/internal/service/notification_service.go:55.16,57.3 1 0
github.com/flashlab/vernon-license/internal/service/notification_service.go:58.2,58.27 1 0
github.com/flashlab/vernon-license/internal/service/notification_service.go:62.95,64.16 2 0
github.com/flashlab/vernon-license/internal/service/notification_service.go:64.16,66.3 1 0
github.com/flashlab/vernon-license/internal/service/notification_service.go:67.2,67.19 1 0
github.com/flashlab/vernon-license/internal/service/notification_service.go:71.81,72.49 1 0
github.com/flashlab/vernon-license/internal/service/notification_service.go:72.49,74.3 1 0
github.com/flashlab/vernon-license/internal/service/notification_service.go:75.2,75.12 1 0
github.com/flashlab/vernon-license/internal/service/notification_service.go:79.88,80.56 1 0
github.com/flashlab/vernon-license/internal/service/notification_service.go:80.56,82.3 1 0
github.com/flashlab/vernon-license/internal/service/notification_service.go:83.2,83.12 1 0
github.com/flashlab/vernon-license/internal/service/product_service.go:49.124,55.2 1 0
github.com/flashlab/vernon-license/internal/service/product_service.go:59.101,61.16 2 0
github.com/flashlab/vernon-license/internal/service/product_service.go:61.16,63.3 1 0
github.com/flashlab/vernon-license/internal/service/product_service.go:64.2,64.22 1 0
github.com/flashlab/vernon-license/internal/service/product_service.go:68.94,70.16 2 0
github.com/flashlab/vernon-license/internal/service/product_service.go:70.16,72.3 1 0
github.com/flashlab/vernon-license/internal/service/product_service.go:73.2,73.21 1 0
github.com/flashlab/vernon-license/internal/service/product_service.go:77.95,79.16 2 0
github.com/flashlab/vernon-license/internal/service/product_service.go:79.16,81.3 1 0
github.com/flashlab/vernon-license/internal/service/product_service.go:82.2,82.21 1 0
github.com/flashlab/vernon-license/internal/service/product_service.go:88.142,89.38 1 0
github.com/flashlab/vernon-license/internal/service/product_service.go:89.38,91.3 1 0
github.com/flashlab/vernon-license/internal/service/product_service.go:93.2,94.52 2 0
github.com/flashlab/vernon-license/internal/service/product_service.go:94.52,96.3 1 0
github.com/flashlab/vernon-license/internal/service/product_service.go:97.2,97.21 1 0
github.com/flashlab/vernon-license/internal/service/product_service.go:97.21,99.3 1 0
github.com/flashlab/vernon-license/internal/service/product_service.go:101.2,102.32 2 0
github.com/flashlab/vernon-license/internal/service/product_service.go:102.32,104.3 1 0
github.com/flashlab/vernon-license/internal/service/product_service.go:105.2,106.29 2 0
github.com/flashlab/vernon-license/internal/service/product_service.go:106.29,108.3 1 0
github.com/flashlab/vernon-license/internal/service/product_service.go:109.2,110.27 2 0
github.com/flashlab/vernon-license/internal/service/product_service.go:110.27,112.3 1 0
github.com/flashlab/vernon-license/internal/service/product_service.go:113.2,114.27 2 0
github.com/flashlab/vernon-license/internal/service/product_service.go:114.27,116.3 1 0
github.com/flashlab/vernon-license/internal/service/product_service.go:118.2,132.52 2 0
github.com/flashlab/vernon-license/internal/service/product_service.go:132.52,134.3 1 0
github.com/flashlab/vernon-license/internal/service/product_service.go:136.2,144.21 3 0
github.com/flashlab/vernon-license/internal/service/product_service.go:149.156,150.38 1 0
github.com/flashlab/vernon-license/internal/service/product_service.go:150.38,152.3 1 0
github.com/flashlab/vernon-license/internal/service/product_service.go:154.2,155.16 2 0
github.com/flashlab/vernon-license/internal/service/product_service.go:155.16,157.3 1 0
github.com/flashlab/vernon-license/internal/service/product_service.go:160.2,160.30 1 0
github.com/flashlab/vernon-license/internal/service/product_service.go:160.30,162.53 2 0
github.com/flashlab/vernon-license/internal/service/product_service.go:162.53,164.4 1 0
github.com/flashlab/vernon-license/internal/service/product_service.go:165.3,165.22 1 0
github.com/flashlab/vernon-license/internal/service/product_service.go:165.22,167.4 1 0
github.com/flashlab/vernon-license/internal/service/product_service.go:170.2,175.35 5 0
github.com/flashlab/vernon-license/internal/service/product_service.go:175.35,177.3 1 0
github.com/flashlab/vernon-license/internal/service/product_service.go:178.2,178.32 1 0
github.com/flashlab/vernon-license/internal/service/product_service.go:178.32,180.3 1 0
github.com/flashlab/vernon-license/internal/service/product_service.go:181.2,181.33 1 0
github.com/flashlab/vernon-license/internal/service/product_service.go:181.33,183.3 1 0
github.com/flashlab/vernon-license/internal/service/product_service.go:184.2,184.30 1 0
github.com/flashlab/vernon-license/internal/service/product_service.go:184.30,186.3 1 0
github.com/flashlab/vernon-license/internal/service/product_service.go:188.2,188.52 1 0
github.com/flashlab/vernon-license/internal/service/product_service.go:188.52,190.3 1 0
github.com/flashlab/vernon-license/internal/service/product_service.go:192.2,200.21 3 0
github.com/flashlab/vernon-license/internal/service/product_service.go:205.111,206.47 1 0
github.com/flashlab/vernon-license/internal/service/product_service.go:206.47,208.3 1 0
github.com/flashlab/vernon-license/internal/service/product_service.go:210.2,213.12 3 0
github.com/flashlab/vernon-license/internal/service/project_service.go:38.124,44.2 1 0
github.com/flashlab/vernon-license/internal/service/project_service.go:47.109,49.16 2 0
github.com/flashlab/vernon-license/internal/service/project_service.go:49.16,51.3 1 0
github.com/flashlab/vernon-license/internal/service/project_service.go:52.2,52.22 1 0
github.com/flashlab/vernon-license/internal/service/project_service.go:56.94,58.16 2 0
github.com/flashlab/vernon-license/internal/service/project_service.go:58.16,60.3 1 0
github.com/flashlab/vernon-license/internal/service/project_service.go:61.2,61.21 1 0
github.com/flashlab/vernon-license/internal/service/project_service.go:66.142,67.20 1 0
github.com/flashlab/vernon-license/internal/service/project_service.go:67.20,69.3 1 0
github.com/flashlab/vernon-license/internal/service/project_service.go:70.2,70.31 1 0
github.com/flashlab/vernon-license/internal/service/project_service.go:70.31,72.3 1 0
github.com/flashlab/vernon-license/internal/service/project_service.go:74.2,85.52 2 0
github.com/flashlab/vernon-license/internal/service/project_service.go:85.52,87.3 1 0
github.com/flashlab/vernon-license/internal/service/project_service.go:89.2,97.21 3 0
github.com/flashlab/vernon-license/internal/service/project_service.go:102.156,103.20 1 0
github.com/flashlab/vernon-license/internal/service/project_service.go:103.20,105.3 1 0
github.com/flashlab/vernon-license/internal/service/project_service.go:107.2,108.16 2 0
github.com/flashlab/vernon-license/internal/service/project_service.go:108.16,110.3 1 0
github.com/flashlab/vernon-license/internal/service/project_service.go:112.2,114.22 3 0
github.com/flashlab/vernon-license/internal/service/project_service.go:114.22,116.3 1 0
github.com/flashlab/vernon-license/internal/service/project_service.go:118.2,118.52 1 0
github.com/flashlab/vernon-license/internal/service/project_service.go:118.52,120.3 1 0
github.com/flashlab/vernon-license/internal/service/project_service.go:122.2,129.21 3 0
github.com/flashlab/vernon-license/internal/service/project_service.go:134.111,135.47 1 0
github.com/flashlab/vernon-license/internal/service/project_service.go:135.47,137.3 1 0
github.com/flashlab/vernon-license/internal/service/project_service.go:139.2,142.12 3 0
github.com/flashlab/vernon-license/internal/service/proposal_service.go:39.20,50.2 1 0
github.com/flashlab/vernon-license/internal/service/proposal_service.go:92.81,94.16 2 0
github.com/flashlab/vernon-license/internal/service/proposal_service.go:94.16,96.3 1 0
github.com/flashlab/vernon-license/internal/service/proposal_service.go:97.2,97.23 1 0
github.com/flashlab/vernon-license/internal/service/proposal_service.go:101.111,103.16 2 0
github.com/flashlab/vernon-license/internal/service/proposal_service.go:103.16,105.3 1 0
github.com/flashlab/vernon-license/internal/service/proposal_service.go:106.2,106.23 1 0
github.com/flashlab/vernon-license/internal/service/proposal_service.go:110.96,112.16 2 0
github.com/flashlab/vernon-license/internal/service/proposal_service.go:112.16,114.3 1 0
github.com/flashlab/vernon-license/internal/service/proposal_service.go:115.2,115.22 1 0
github.com/flashlab/vernon-license/internal/service/proposal_service.go:123.145,126.16 2 0
github.com/flashlab/vernon-license/internal/service/proposal_service.go:126.16,128.3 1 0
github.com/flashlab/vernon-license/internal/service/proposal_service.go:130.2,157.17 3 0
github.com/flashlab/vernon-license/internal/service/proposal_service.go:157.17,159.17 2 0
github.com/flashlab/vernon-license/internal/service/proposal_service.go:159.17,162.22 3 0
github.com/flashlab/vernon-license/internal/service/proposal_service.go:162.22,164.5 1 0
github.com/flashlab/vernon-license/internal/service/proposal_service.go:168.2,168.46 1 0
github.com/flashlab/vernon-license/internal/service/proposal_service.go:168.46,170.3 1 0
github.com/flashlab/vernon-license/internal/service/proposal_service.go:173.2,180.15 3 0
github.com/flashlab/vernon-license/internal/service/proposal_service.go:188.177,190.16 2 0
github.com/flashlab/vernon-license/internal/service/proposal_service.go:190.16,192.3 1 0
github.com/flashlab/vernon-license/internal/service/proposal_service.go:195.2,195.56 1 0
github.com/flashlab/vernon-license/internal/service/proposal_service.go:195.56,197.3 1 0
github.com/flashlab/vernon-license/internal/service/proposal_service.go:200.2,200.90 1 0
github.com/flashlab/vernon-license/internal/service/proposal_service.go:200.90,202.3 1 0
github.com/flashlab/vernon-license/internal/service/proposal_service.go:204.2,210.21 3 0
github.com/flashlab/vernon-license/internal/service/proposal_service.go:210.21,212.3 1 0
github.com/flashlab/vernon-license/internal/service/proposal_service.go:213.2,213.24 1 0
github.com/flashlab/vernon-license/internal/service/proposal_service.go:213.24,215.3 1 0
github.com/flashlab/vernon-license/internal/service/proposal_service.go:216.2,216.21 1 0
github.com/flashlab/vernon-license/internal/service/proposal_service.go:216.21,218.3 1 0
github.com/flashlab/vernon-license/internal/service/proposal_service.go:219.2,219.25 1 0
github.com/flashlab/vernon-license/internal/service/proposal_service.go:219.25,221.3 1 0
github.com/flashlab/vernon-license/internal/service/proposal_service.go:222.2,222.33 1 0
github.com/flashlab/vernon-license/internal/service/proposal_service.go:222.33,224.3 1 0
github.com/flashlab/vernon-license/internal/service/proposal_service.go:225.2,225.31 1 0
github.com/flashlab/vernon-license/internal/service/proposal_service.go:225.31,227.3 1 0
github.com/flashlab/vernon-license/internal/service/proposal_service.go:228.2,228.25 1 0
github.com/flashlab/vernon-license/internal/service/proposal_service.go:228.25,230.3 1 0
github.com/flashlab/vernon-license/internal/service/proposal_service.go:231.2,231.29 1 0
github.com/flashlab/vernon-license/internal/service/proposal_service.go:231.29,233.3 1 0
github.com/flashlab/vernon-license/internal/service/proposal_service.go:234.2,234.28 1 0
github.com/flashlab/vernon-license/internal/service/proposal_service.go:234.28,236.3 1 0
github.com/flashlab/vernon-license/internal/service/proposal_service.go:237.2,237.27 1 0
github.com/flashlab/vernon-license/internal/service/proposal_service.go:237.27,239.3 1 0
github.com/flashlab/vernon-license/internal/service/proposal_service.go:240.2,240.31 1 0
github.com/flashlab/vernon-license/internal/service/proposal_service.go:240.31,242.3 1 0
github.com/flashlab/vernon-license/internal/service/proposal_service.go:243.2,243.26 1 0
github.com/flashlab/vernon-license/internal/service/proposal_service.go:243.26,245.3 1 0
github.com/flashlab/vernon-license/internal/service/proposal_service.go:246.2,246.22 1 0
github.com/flashlab/vernon-license/internal/service/proposal_service.go:246.22,248.3 1 0
github.com/flashlab/vernon-license/internal/service/proposal_service.go:249.2,249.27 1 0
github.com/flashlab/vernon-license/internal/service/proposal_service.go:249.27,251.3 1 0
github.com/flashlab/vernon-license/internal/service/proposal_service.go:254.2,256.20 3 0
github.com/flashlab/vernon-license/internal/service/proposal_service.go:256.20,258.3 1 0
github.com/flashlab/vernon-license/internal/service/proposal_service.go:260.2,262.53 2 0
github.com/flashlab/vernon-license/internal/service/proposal_service.go:262.53,264.3 1 0
github.com/flashlab/vernon-license/internal/service/proposal_service.go:267.2,268.19 2 0
github.com/flashlab/vernon-license/internal/service/proposal_service.go:268.19,276.3 2 0
github.com/flashlab/vernon-license/internal/service/proposal_service.go:278.2,284.22 3 0
github.com/flashlab/vernon-license/internal/service/proposal_service.go:291.112,293.16 2 0
github.com/flashlab/vernon-license/internal/service/proposal_service.go:293.16,295.3 1 0
github.com/flashlab/vernon-license/internal/service/proposal_service.go:297.2,297.32 1 0
github.com/flashlab/vernon-license/internal/service/proposal_service.go:297.32,299.3 1 0
github.com/flashlab/vernon-license/internal/service/proposal_service.go:301.2,305.53 4 0
github.com/flashlab/vernon-license/internal/service/proposal_service.go:305.53,307.3 1 0
github.com/flashlab/vernon-license/internal/service/proposal_service.go:310.2,311.20 2 0
github.com/flashlab/vernon-license/internal/service/proposal_service.go:311.20,312.27 1 0
github.com/flashlab/vernon-license/internal/service/proposal_service.go:312.27,313.74 1 0
github.com/flashlab/vernon-license/internal/service/proposal_service.go:313.74,319.5 1 0
github.com/flashlab/vernon-license/internal/service/proposal_service.go:321.8,326.3 1 0
github.com/flashlab/vernon-license/internal/service/proposal_service.go:329.2,335.12 3 0
github.com/flashlab/vernon-license/internal/service/proposal_service.go:342.158,344.16 2 0
github.com/flashlab/vernon-license/internal/service/proposal_service.go:344.16,346.3 1 0
github.com/flashlab/vernon-license/internal/service/proposal_service.go:348.2,348.36 1 0
github.com/flashlab/vernon-license/internal/service/proposal_service.go:348.36,350.3 1 0
github.com/flashlab/vernon-license/internal/service/proposal_service.go:352.2,352.23 1 0
github.com/flashlab/vernon-license/internal/service/proposal_service.go:352.23,354.3 1 0
github.com/flashlab/vernon-license/internal/service/proposal_service.go:356.2,375.19 7 0
github.com/flashlab/vernon-license/internal/service/proposal_service.go:375.19,380.3 1 0
github.com/flashlab/vernon-license/internal/service/proposal_service.go:380.8,382.21 2 0
github.com/flashlab/vernon-license/internal/service/proposal_service.go:382.21,387.4 1 0
github.com/flashlab/vernon-license/internal/service/proposal_service.go:387.9,390.4 2 0
github.com/flashlab/vernon-license/internal/service/proposal_service.go:393.2,393.53 1 0
github.com/flashlab/vernon-license/internal/service/proposal_service.go:393.53,395.3 1 0
github.com/flashlab/vernon-license/internal/service/proposal_service.go:398.2,399.16 2 0
github.com/flashlab/vernon-license/internal/service/proposal_service.go:399.16,401.3 1 0
github.com/flashlab/vernon-license/internal/service/proposal_service.go:404.2,421.21 4 0
github.com/flashlab/vernon-license/internal/service/proposal_service.go:428.127,430.16 2 0
github.com/flashlab/vernon-license/internal/service/proposal_service.go:430.16,432.3 1 0
github.com/flashlab/vernon-license/internal/service/proposal_service.go:434.2,434.36 1 0
github.com/flashlab/vernon-license/internal/service/proposal_service.go:434.36,436.3 1 0
github.com/flashlab/vernon-license/internal/service/proposal_service.go:438.2,445.53 7 0
github.com/flashlab/vernon-license/internal/service/proposal_service.go:445.53,447.3 1 0
github.com/flashlab/vernon-license/internal/service/proposal_service.go:450.2,467.12 4 0
github.com/flashlab/vernon-license/internal/service/proposal_service.go:472.138,484.51 3 0
github.com/flashlab/vernon-license/internal/service/proposal_service.go:484.51,490.3 1 0
github.com/flashlab/vernon-license/internal/service/provision_service.go:31.21,37.2 1 0
github.com/flashlab/vernon-license/internal/service/provision_service.go:41.67,43.40 2 0
github.com/flashlab/vernon-license/internal/service/provision_service.go:43.40,45.3 1 0
github.com/flashlab/vernon-license/internal/service/provision_service.go:46.2,46.45 1 0
github.com/flashlab/vernon-license/internal/service/provision_service.go:52.93,54.16 2 0
github.com/flashlab/vernon-license/internal/service/provision_service.go:54.16,56.3 1 0
github.com/flashlab/vernon-license/internal/service/provision_service.go:58.2,58.31 1 0
github.com/flashlab/vernon-license/internal/service/provision_service.go:58.31,59.51 1 0
github.com/flashlab/vernon-license/internal/service/provision_service.go:59.51,64.4 1 0
github.com/flashlab/vernon-license/internal/service/provision_service.go:67.2,67.12 1 0
github.com/flashlab/vernon-license/internal/service/provision_service.go:73.65,89.16 4 0
github.com/flashlab/vernon-license/internal/service/provision_service.go:89.16,91.3 1 0
github.com/flashlab/vernon-license/internal/service/provision_service.go:92.2,99.18 3 0
github.com/flashlab/vernon-license/internal/service/provision_service.go:99.18,101.45 2 0
github.com/flashlab/vernon-license/internal/service/provision_service.go:101.45,103.12 2 0
github.com/flashlab/vernon-license/internal/service/provision_service.go:105.3,105.48 1 0
github.com/flashlab/vernon-license/internal/service/provision_service.go:108.2,109.31 2 0
github.com/flashlab/vernon-license/internal/service/provision_service.go:109.31,110.51 1 0
github.com/flashlab/vernon-license/internal/service/provision_service.go:110.51,114.12 2 0
github.com/flashlab/vernon-license/internal/service/provision_service.go:116.3,116.16 1 0
github.com/flashlab/vernon-license/internal/service/provision_service.go:119.2,120.12 2 0
github.com/flashlab/vernon-license/internal/service/provision_service.go:129.96,131.16 2 0
github.com/flashlab/vernon-license/internal/service/provision_service.go:131.16,133.3 1 0
github.com/flashlab/vernon-license/internal/service/provision_service.go:135.2,146.16 3 0
github.com/flashlab/vernon-license/internal/service/provision_service.go:146.16,148.3 1 0
github.com/flashlab/vernon-license/internal/service/provision_service.go:150.2,151.16 2 0
github.com/flashlab/vernon-license/internal/service/provision_service.go:151.16,153.3 1 0
github.com/flashlab/vernon-license/internal/service/provision_service.go:155.2,155.12 1 0
github.com/flashlab/vernon-license/internal/service/provision_service.go:155.12,157.3 1 0
github.com/flashlab/vernon-license/internal/service/provision_service.go:159.2,163.12 2 0
github.com/flashlab/vernon-license/internal/service/setup_service.go:20.110,26.2 1 0
github.com/flashlab/vernon-license/internal/service/setup_service.go:30.67,32.16 2 0
github.com/flashlab/vernon-license/internal/service/setup_service.go:32.16,34.3 1 0
github.com/flashlab/vernon-license/internal/service/setup_service.go:35.2,35.28 1 0
github.com/flashlab/vernon-license/internal/service/setup_service.go:41.113,43.16 2 0
github.com/flashlab/vernon-license/internal/service/setup_service.go:43.16,45.3 1 0
github.com/flashlab/vernon-license/internal/service/setup_service.go:46.2,46.13 1 0
github.com/flashlab/vernon-license/internal/service/setup_service.go:46.13,48.3 1 0
github.com/flashlab/vernon-license/internal/service/setup_service.go:51.2,65.16 4 0
github.com/flashlab/vernon-license/internal/service/setup_service.go:65.16,67.3 1 0
github.com/flashlab/vernon-license/internal/service/setup_service.go:69.2,70.16 2 0
github.com/flashlab/vernon-license/internal/service/setup_service.go:70.16,72.3 1 0
github.com/flashlab/vernon-license/internal/service/setup_service.go:74.2,79.25 2 0
github.com/flashlab/vernon-license/internal/service/user_service.go:39.119,45.2 1 0
github.com/flashlab/vernon-license/internal/service/user_service.go:48.88,50.16 2 0
github.com/flashlab/vernon-license/internal/service/user_service.go:50.16,52.3 1 0
github.com/flashlab/vernon-license/internal/service/user_service.go:53.2,53.18 1 0
github.com/flashlab/vernon-license/internal/service/user_service.go:57.73,59.16 2 0
github.com/flashlab/vernon-license/internal/service/user_service.go:59.16,61.3 1 0
github.com/flashlab/vernon-license/internal/service/user_service.go:62.2,62.19 1 0
github.com/flashlab/vernon-license/internal/service/user_service.go:70.133,71.61 1 0
github.com/flashlab/vernon-license/internal/service/user_service.go:71.61,73.3 1 0
github.com/flashlab/vernon-license/internal/service/user_service.go:75.2,75.27 1 0
github.com/flashlab/vernon-license/internal/service/user_service.go:75.27,77.3 1 0
github.com/flashlab/vernon-license/internal/service/user_service.go:79.2,80.49 2 0
github.com/flashlab/vernon-license/internal/service/user_service.go:80.49,82.3 1 0
github.com/flashlab/vernon-license/internal/service/user_service.go:83.2,83.21 1 0
github.com/flashlab/vernon-license/internal/service/user_service.go:83.21,85.3 1 0
github.com/flashlab/vernon-license/internal/service/user_service.go:87.2,88.16 2 0
github.com/flashlab/vernon-license/internal/service/user_service.go:88.16,90.3 1 0
github.com/flashlab/vernon-license/internal/service/user_service.go:92.2,104.49 3 0
github.com/flashlab/vernon-license/internal/service/user_service.go:104.49,106.3 1 0
github.com/flashlab/vernon-license/internal/service/user_service.go:108.2,115.18 3 0
github.com/flashlab/vernon-license/internal/service/user_service.go:120.108,121.61 1 0
github.com/flashlab/vernon-license/internal/service/user_service.go:121.61,123.3 1 0
github.com/flashlab/vernon-license/internal/service/user_service.go:125.2,125.27 1 0
github.com/flashlab/vernon-license/internal/service/user_service.go:125.27,127.3 1 0
github.com/flashlab/vernon-license/internal/service/user_service.go:129.2,130.16 2 0
github.com/flashlab/vernon-license/internal/service/user_service.go:130.16,132.3 1 0
github.com/flashlab/vernon-license/internal/service/user_service.go:134.2,146.49 3 0
github.com/flashlab/vernon-license/internal/service/user_service.go:146.49,148.3 1 0
github.com/flashlab/vernon-license/internal/service/user_service.go:150.2,150.18 1 0
github.com/flashlab/vernon-license/internal/service/user_service.go:155.124,156.58 1 0
github.com/flashlab/vernon-license/internal/service/user_service.go:156.58,158.3 1 0
github.com/flashlab/vernon-license/internal/service/user_service.go:160.2,161.12 2 0
github.com/flashlab/vernon-license/internal/service/user_service.go:161.12,163.3 1 0
github.com/flashlab/vernon-license/internal/service/user_service.go:164.2,167.12 3 0
github.com/flashlab/vernon-license/internal/ui/pages/pages_server.go:14.37,14.57 1 0
github.com/flashlab/vernon-license/internal/ui/pages/pages_server.go:20.37,20.57 1 0
github.com/flashlab/vernon-license/internal/ui/pages/pages_server.go:26.41,26.61 1 0
github.com/flashlab/vernon-license/internal/ui/pages/pages_server.go:32.45,32.65 1 0
github.com/flashlab/vernon-license/internal/ui/pages/pages_server.go:38.45,38.65 1 0
github.com/flashlab/vernon-license/internal/ui/pages/pages_server.go:44.44,44.64 1 0
github.com/flashlab/vernon-license/internal/ui/pages/pages_server.go:50.45,50.65 1 0
github.com/flashlab/vernon-license/internal/ui/pages/pages_server.go:56.45,56.65 1 0
github.com/flashlab/vernon-license/internal/ui/pages/pages_server.go:62.45,62.65 1 0
github.com/flashlab/vernon-license/internal/ui/pages/pages_server.go:68.46,68.66 1 0
github.com/flashlab/vernon-license/internal/ui/pages/pages_server.go:74.44,74.64 1 0
github.com/flashlab/vernon-license/internal/ui/pages/pages_server.go:80.44,80.64 1 0
github.com/flashlab/vernon-license/internal/ui/pages/pages_server.go:86.41,86.61 1 0
github.com/flashlab/vernon-license/internal/ui/pages/pages_server.go:92.45,92.65 1 0
github.com/flashlab/vernon-license/internal/ui/pages/pages_server.go:98.40,98.60 1 0
github.com/flashlab/vernon-license/infrastructure/database/audit_repository.go:19.43,21.2 1 0
github.com/flashlab/vernon-license/infrastructure/database/audit_repository.go:24.77,33.37 2 0
github.com/flashlab/vernon-license/infrastructure/database/audit_repository.go:33.37,35.3 1 0
github.com/flashlab/vernon-license/infrastructure/database/audit_repository.go:36.2,36.12 1 0
github.com/flashlab/vernon-license/infrastructure/database/audit_repository.go:40.122,47.80 3 0
github.com/flashlab/vernon-license/infrastructure/database/audit_repository.go:47.80,49.3 1 0
github.com/flashlab/vernon-license/infrastructure/database/audit_repository.go:50.2,50.18 1 0
github.com/flashlab/vernon-license/infrastructure/database/audit_repository.go:54.97,61.73 3 0
github.com/flashlab/vernon-license/infrastructure/database/audit_repository.go:61.73,63.3 1 0
github.com/flashlab/vernon-license/infrastructure/database/audit_repository.go:64.2,64.18 1 0
github.com/flashlab/vernon-license/infrastructure/database/company_repository.go:20.47,22.2 1 0
github.com/flashlab/vernon-license/infrastructure/database/company_repository.go:25.92,32.56 3 0
github.com/flashlab/vernon-license/infrastructure/database/company_repository.go:32.56,33.27 1 0
github.com/flashlab/vernon-license/infrastructure/database/company_repository.go:33.27,35.4 1 0
github.com/flashlab/vernon-license/infrastructure/database/company_repository.go:36.3,36.58 1 0
github.com/flashlab/vernon-license/infrastructure/database/company_repository.go:38.2,38.16 1 0
github.com/flashlab/vernon-license/infrastructure/database/company_repository.go:42.79,50.63 3 0
github.com/flashlab/vernon-license/infrastructure/database/company_repository.go:50.63,52.3 1 0
github.com/flashlab/vernon-license/infrastructure/database/company_repository.go:53.2,53.23 1 0
github.com/flashlab/vernon-license/infrastructure/database/company_repository.go:57.76,68.49 2 0
github.com/flashlab/vernon-license/infrastructure/database/company_repository.go:68.49,70.3 1 0
github.com/flashlab/vernon-license/infrastructure/database/company_repository.go:71.2,71.12 1 0
github.com/flashlab/vernon-license/infrastructure/database/company_repository.go:75.76,87.35 2 0
github.com/flashlab/vernon-license/infrastructure/database/company_repository.go:87.35,88.27 1 0
github.com/flashlab/vernon-license/infrastructure/database/company_repository.go:88.27,90.4 1 0
github.com/flashlab/vernon-license/infrastructure/database/company_repository.go:91.3,91.51 1 0
github.com/flashlab/vernon-license/infrastructure/database/company_repository.go:93.2,93.12 1 0
github.com/flashlab/vernon-license/infrastructure/database/company_repository.go:97.71,100.16 3 0
github.com/flashlab/vernon-license/infrastructure/database/company_repository.go:100.16,102.3 1 0
github.com/flashlab/vernon-license/infrastructure/database/company_repository.go:103.2,104.16 2 0
github.com/flashlab/vernon-license/infrastructure/database/company_repository.go:104.16,106.3 1 0
github.com/flashlab/vernon-license/infrastructure/database/company_repository.go:107.2,107.12 1 0
github.com/flashlab/vernon-license/infrastructure/database/company_repository.go:107.12,109.3 1 0
github.com/flashlab/vernon-license/infrastructure/database/company_repository.go:110.2,110.12 1 0
github.com/flashlab/vernon-license/infrastructure/database/db.go:14.48,16.16 2 0
github.com/flashlab/vernon-license/infrastructure/database/db.go:16.16,18.3 1 0
github.com/flashlab/vernon-license/infrastructure/database/db.go:21.2,26.34 5 0
github.com/flashlab/vernon-license/infrastructure/database/db.go:26.34,28.3 1 0
github.com/flashlab/vernon-license/infrastructure/database/db.go:30.2,30.16 1 0
github.com/flashlab/vernon-license/infrastructure/database/license_repository.go:22.47,24.2 1 0
github.com/flashlab/vernon-license/infrastructure/database/license_repository.go:64.56,101.2 1 0
github.com/flashlab/vernon-license/infrastructure/database/license_repository.go:114.98,117.58 3 0
github.com/flashlab/vernon-license/infrastructure/database/license_repository.go:117.58,118.27 1 0
github.com/flashlab/vernon-license/infrastructure/database/license_repository.go:118.27,120.4 1 0
github.com/flashlab/vernon-license/infrastructure/database/license_repository.go:121.3,121.58 1 0
github.com/flashlab/vernon-license/infrastructure/database/license_repository.go:123.2,123.28 1 0
github.com/flashlab/vernon-license/infrastructure/database/license_repository.go:127.97,130.59 3 0
github.com/flashlab/vernon-license/infrastructure/database/license_repository.go:130.59,131.27 1 0
github.com/flashlab/vernon-license/infrastructure/database/license_repository.go:131.27,133.4 1 0
github.com/flashlab/vernon-license/infrastructure/database/license_repository.go:134.3,134.59 1 0
github.com/flashlab/vernon-license/infrastructure/database/license_repository.go:136.2,136.28 1 0
github.com/flashlab/vernon-license/infrastructure/database/license_repository.go:141.128,157.81 3 0
github.com/flashlab/vernon-license/infrastructure/database/license_repository.go:157.81,158.27 1 0
github.com/flashlab/vernon-license/infrastructure/database/license_repository.go:158.27,160.4 1 0
github.com/flashlab/vernon-license/infrastructure/database/license_repository.go:161.3,161.68 1 0
github.com/flashlab/vernon-license/infrastructure/database/license_repository.go:163.2,163.28 1 0
github.com/flashlab/vernon-license/infrastructure/database/license_repository.go:167.112,173.69 3 0
github.com/flashlab/vernon-license/infrastructure/database/license_repository.go:173.69,175.3 1 0
github.com/flashlab/vernon-license/infrastructure/database/license_repository.go:176.2,176.39 1 0
github.com/flashlab/vernon-license/infrastructure/database/license_repository.go:180.85,186.58 3 0
github.com/flashlab/vernon-license/infrastructure/database/license_repository.go:186.58,188.3 1 0
github.com/flashlab/vernon-license/infrastructure/database/license_repository.go:189.2,189.39 1 0
github.com/flashlab/vernon-license/infrastructure/database/license_repository.go:193.106,203.70 3 0
github.com/flashlab/vernon-license/infrastructure/database/license_repository.go:203.70,205.3 1 0
github.com/flashlab/vernon-license/infrastructure/database/license_repository.go:206.2,206.39 1 0
github.com/flashlab/vernon-license/infrastructure/database/license_repository.go:210.82,237.49 2 0
github.com/flashlab/vernon-license/infrastructure/database/license_repository.go:237.49,239.3 1 0
github.com/flashlab/vernon-license/infrastructure/database/license_repository.go:240.2,240.12 1 0
github.com/flashlab/vernon-license/infrastructure/database/license_repository.go:244.82,262.35 2 0
github.com/flashlab/vernon-license/infrastructure/database/license_repository.go:262.35,263.27 1 0
github.com/flashlab/vernon-license/infrastructure/database/license_repository.go:263.27,265.4 1 0
github.com/flashlab/vernon-license/infrastructure/database/license_repository.go:266.3,266.51 1 0
github.com/flashlab/vernon-license/infrastructure/database/license_repository.go:268.2,268.12 1 0
github.com/flashlab/vernon-license/infrastructure/database/license_repository.go:272.117,278.16 3 0
github.com/flashlab/vernon-license/infrastructure/database/license_repository.go:278.16,280.3 1 0
github.com/flashlab/vernon-license/infrastructure/database/license_repository.go:281.2,282.16 2 0
github.com/flashlab/vernon-license/infrastructure/database/license_repository.go:282.16,284.3 1 0
github.com/flashlab/vernon-license/infrastructure/database/license_repository.go:285.2,285.12 1 0
github.com/flashlab/vernon-license/infrastructure/database/license_repository.go:285.12,287.3 1 0
github.com/flashlab/vernon-license/infrastructure/database/license_repository.go:288.2,288.12 1 0
github.com/flashlab/vernon-license/infrastructure/database/license_repository.go:292.81,295.16 3 0
github.com/flashlab/vernon-license/infrastructure/database/license_repository.go:295.16,297.3 1 0
github.com/flashlab/vernon-license/infrastructure/database/license_repository.go:298.2,299.16 2 0
github.com/flashlab/vernon-license/infrastructure/database/license_repository.go:299.16,301.3 1 0
github.com/flashlab/vernon-license/infrastructure/database/license_repository.go:302.2,302.12 1 0
github.com/flashlab/vernon-license/infrastructure/database/license_repository.go:302.12,304.3 1 0
github.com/flashlab/vernon-license/infrastructure/database/license_repository.go:305.2,305.12 1 0
github.com/flashlab/vernon-license/infrastructure/database/license_repository.go:309.92,312.16 3 0
github.com/flashlab/vernon-license/infrastructure/database/license_repository.go:312.16,314.3 1 0
github.com/flashlab/vernon-license/infrastructure/database/license_repository.go:315.2,316.16 2 0
github.com/flashlab/vernon-license/infrastructure/database/license_repository.go:316.16,318.3 1 0
github.com/flashlab/vernon-license/infrastructure/database/license_repository.go:319.2,319.12 1 0
github.com/flashlab/vernon-license/infrastructure/database/license_repository.go:319.12,321.3 1 0
github.com/flashlab/vernon-license/infrastructure/database/license_repository.go:322.2,322.12 1 0
github.com/flashlab/vernon-license/infrastructure/database/license_repository.go:325.69,327.27 2 0
github.com/flashlab/vernon-license/infrastructure/database/license_repository.go:327.27,330.3 2 0
github.com/flashlab/vernon-license/infrastructure/database/license_repository.go:331.2,331.15 1 0
github.com/flashlab/vernon-license/infrastructure/database/notification_repository.go:19.57,21.2 1 0
github.com/flashlab/vernon-license/infrastructure/database/notification_repository.go:24.86,31.35 2 0
github.com/flashlab/vernon-license/infrastructure/database/notification_repository.go:31.35,33.3 1 0
github.com/flashlab/vernon-license/infrastructure/database/notification_repository.go:34.2,34.12 1 0
github.com/flashlab/vernon-license/infrastructure/database/notification_repository.go:38.121,46.82 3 0
github.com/flashlab/vernon-license/infrastructure/database/notification_repository.go:46.82,48.3 1 0
github.com/flashlab/vernon-license/infrastructure/database/notification_repository.go:49.2,49.27 1 0
github.com/flashlab/vernon-license/infrastructure/database/notification_repository.go:53.92,56.74 3 0
github.com/flashlab/vernon-license/infrastructure/database/notification_repository.go:56.74,58.3 1 0
github.com/flashlab/vernon-license/infrastructure/database/notification_repository.go:59.2,59.19 1 0
github.com/flashlab/vernon-license/infrastructure/database/notification_repository.go:63.78,66.16 3 0
github.com/flashlab/vernon-license/infrastructure/database/notification_repository.go:66.16,68.3 1 0
github.com/flashlab/vernon-license/infrastructure/database/notification_repository.go:69.2,69.12 1 0
github.com/flashlab/vernon-license/infrastructure/database/notification_repository.go:73.85,76.16 3 0
github.com/flashlab/vernon-license/infrastructure/database/notification_repository.go:76.16,78.3 1 0
github.com/flashlab/vernon-license/infrastructure/database/notification_repository.go:79.2,79.12 1 0
github.com/flashlab/vernon-license/infrastructure/database/product_repository.go:22.47,24.2 1 0
github.com/flashlab/vernon-license/infrastructure/database/product_repository.go:27.92,34.56 3 0
github.com/flashlab/vernon-license/infrastructure/database/product_repository.go:34.56,35.27 1 0
github.com/flashlab/vernon-license/infrastructure/database/product_repository.go:35.27,37.4 1 0
github.com/flashlab/vernon-license/infrastructure/database/product_repository.go:38.3,38.58 1 0
github.com/flashlab/vernon-license/infrastructure/database/product_repository.go:40.2,40.26 1 0
github.com/flashlab/vernon-license/infrastructure/database/product_repository.go:44.93,51.58 3 0
github.com/flashlab/vernon-license/infrastructure/database/product_repository.go:51.58,52.27 1 0
github.com/flashlab/vernon-license/infrastructure/database/product_repository.go:52.27,54.4 1 0
github.com/flashlab/vernon-license/infrastructure/database/product_repository.go:55.3,55.60 1 0
github.com/flashlab/vernon-license/infrastructure/database/product_repository.go:57.2,57.26 1 0
github.com/flashlab/vernon-license/infrastructure/database/product_repository.go:61.101,67.22 2 0
github.com/flashlab/vernon-license/infrastructure/database/product_repository.go:67.22,69.3 1 0
github.com/flashlab/vernon-license/infrastructure/database/product_repository.go:70.2,73.58 3 0
github.com/flashlab/vernon-license/infrastructure/database/product_repository.go:73.58,75.3 1 0
github.com/flashlab/vernon-license/infrastructure/database/product_repository.go:76.2,77.27 2 0
github.com/flashlab/vernon-license/infrastructure/database/product_repository.go:77.27,80.3 2 0
github.com/flashlab/vernon-license/infrastructure/database/product_repository.go:81.2,81.22 1 0
github.com/flashlab/vernon-license/infrastructure/database/product_repository.go:85.76,97.49 2 0
github.com/flashlab/vernon-license/infrastructure/database/product_repository.go:97.49,99.3 1 0
github.com/flashlab/vernon-license/infrastructure/database/product_repository.go:100.2,100.12 1 0
github.com/flashlab/vernon-license/infrastructure/database/product_repository.go:104.76,118.35 2 0
github.com/flashlab/vernon-license/infrastructure/database/product_repository.go:118.35,119.27 1 0
github.com/flashlab/vernon-license/infrastructure/database/product_repository.go:119.27,121.4 1 0
github.com/flashlab/vernon-license/infrastructure/database/product_repository.go:122.3,122.51 1 0
github.com/flashlab/vernon-license/infrastructure/database/product_repository.go:124.2,124.12 1 0
github.com/flashlab/vernon-license/infrastructure/database/product_repository.go:128.71,131.16 3 0
github.com/flashlab/vernon-license/infrastructure/database/product_repository.go:131.16,133.3 1 0
github.com/flashlab/vernon-license/infrastructure/database/product_repository.go:134.2,135.16 2 0
github.com/flashlab/vernon-license/infrastructure/database/product_repository.go:135.16,137.3 1 0
github.com/flashlab/vernon-license/infrastructure/database/product_repository.go:138.2,138.12 1 0
github.com/flashlab/vernon-license/infrastructure/database/product_repository.go:138.12,140.3 1 0
github.com/flashlab/vernon-license/infrastructure/database/product_repository.go:141.2,141.12 1 0
github.com/flashlab/vernon-license/infrastructure/database/product_repository.go:161.50,176.2 1 0
github.com/flashlab/vernon-license/infrastructure/database/project_repository.go:20.47,22.2 1 0
github.com/flashlab/vernon-license/infrastructure/database/project_repository.go:25.92,32.56 3 0
github.com/flashlab/vernon-license/infrastructure/database/project_repository.go:32.56,33.27 1 0
github.com/flashlab/vernon-license/infrastructure/database/project_repository.go:33.27,35.4 1 0
github.com/flashlab/vernon-license/infrastructure/database/project_repository.go:36.3,36.58 1 0
github.com/flashlab/vernon-license/infrastructure/database/project_repository.go:38.2,38.16 1 0
github.com/flashlab/vernon-license/infrastructure/database/project_repository.go:42.106,50.73 3 0
github.com/flashlab/vernon-license/infrastructure/database/project_repository.go:50.73,52.3 1 0
github.com/flashlab/vernon-license/infrastructure/database/project_repository.go:53.2,53.22 1 0
github.com/flashlab/vernon-license/infrastructure/database/project_repository.go:57.76,64.49 2 0
github.com/flashlab/vernon-license/infrastructure/database/project_repository.go:64.49,66.3 1 0
github.com/flashlab/vernon-license/infrastructure/database/project_repository.go:67.2,67.12 1 0
github.com/flashlab/vernon-license/infrastructure/database/project_repository.go:71.76,79.35 2 0
github.com/flashlab/vernon-license/infrastructure/database/project_repository.go:79.35,80.27 1 0
github.com/flashlab/vernon-license/infrastructure/database/project_repository.go:80.27,82.4 1 0
github.com/flashlab/vernon-license/infrastructure/database/project_repository.go:83.3,83.51 1 0
github.com/flashlab/vernon-license/infrastructure/database/project_repository.go:85.2,85.12 1 0
github.com/flashlab/vernon-license/infrastructure/database/project_repository.go:89.71,92.16 3 0
github.com/flashlab/vernon-license/infrastructure/database/project_repository.go:92.16,94.3 1 0
github.com/flashlab/vernon-license/infrastructure/database/project_repository.go:95.2,96.16 2 0
github.com/flashlab/vernon-license/infrastructure/database/project_repository.go:96.16,98.3 1 0
github.com/flashlab/vernon-license/infrastructure/database/project_repository.go:99.2,99.12 1 0
github.com/flashlab/vernon-license/infrastructure/database/project_repository.go:99.12,101.3 1 0
github.com/flashlab/vernon-license/infrastructure/database/project_repository.go:102.2,102.12 1 0
github.com/flashlab/vernon-license/infrastructure/database/proposal_repository.go:22.49,24.2 1 0
github.com/flashlab/vernon-license/infrastructure/database/proposal_repository.go:59.52,91.2 1 0
github.com/flashlab/vernon-license/infrastructure/database/proposal_repository.go:104.94,107.58 3 0
github.com/flashlab/vernon-license/infrastructure/database/proposal_repository.go:107.58,108.27 1 0
github.com/flashlab/vernon-license/infrastructure/database/proposal_repository.go:108.27,110.4 1 0
github.com/flashlab/vernon-license/infrastructure/database/proposal_repository.go:111.3,111.59 1 0
github.com/flashlab/vernon-license/infrastructure/database/proposal_repository.go:113.2,113.28 1 0
github.com/flashlab/vernon-license/infrastructure/database/proposal_repository.go:117.108,123.69 3 0
github.com/flashlab/vernon-license/infrastructure/database/proposal_repository.go:123.69,125.3 1 0
github.com/flashlab/vernon-license/infrastructure/database/proposal_repository.go:126.2,126.40 1 0
github.com/flashlab/vernon-license/infrastructure/database/proposal_repository.go:130.130,137.76 3 0
github.com/flashlab/vernon-license/infrastructure/database/proposal_repository.go:137.76,138.27 1 0
github.com/flashlab/vernon-license/infrastructure/database/proposal_repository.go:138.27,140.4 1 0
github.com/flashlab/vernon-license/infrastructure/database/proposal_repository.go:141.3,141.77 1 0
github.com/flashlab/vernon-license/infrastructure/database/proposal_repository.go:143.2,143.28 1 0
github.com/flashlab/vernon-license/infrastructure/database/proposal_repository.go:147.81,152.58 3 0
github.com/flashlab/vernon-license/infrastructure/database/proposal_repository.go:152.58,154.3 1 0
github.com/flashlab/vernon-license/infrastructure/database/proposal_repository.go:155.2,155.40 1 0
github.com/flashlab/vernon-license/infrastructure/database/proposal_repository.go:159.78,188.49 2 0
github.com/flashlab/vernon-license/infrastructure/database/proposal_repository.go:188.49,190.3 1 0
github.com/flashlab/vernon-license/infrastructure/database/proposal_repository.go:191.2,191.12 1 0
github.com/flashlab/vernon-license/infrastructure/database/proposal_repository.go:195.78,217.35 2 0
github.com/flashlab/vernon-license/infrastructure/database/proposal_repository.go:217.35,218.27 1 0
github.com/flashlab/vernon-license/infrastructure/database/proposal_repository.go:218.27,220.4 1 0
github.com/flashlab/vernon-license/infrastructure/database/proposal_repository.go:221.3,221.52 1 0
github.com/flashlab/vernon-license/infrastructure/database/proposal_repository.go:223.2,223.12 1 0
github.com/flashlab/vernon-license/infrastructure/database/proposal_repository.go:227.102,230.93 3 0
github.com/flashlab/vernon-license/infrastructure/database/proposal_repository.go:230.93,232.3 1 0
github.com/flashlab/vernon-license/infrastructure/database/proposal_repository.go:233.2,233.23 1 0
github.com/flashlab/vernon-license/infrastructure/database/proposal_repository.go:233.23,235.3 1 0
github.com/flashlab/vernon-license/infrastructure/database/proposal_repository.go:236.2,236.39 1 0
github.com/flashlab/vernon-license/infrastructure/database/proposal_repository.go:239.66,241.27 2 0
github.com/flashlab/vernon-license/infrastructure/database/proposal_repository.go:241.27,244.3 2 0
github.com/flashlab/vernon-license/infrastructure/database/proposal_repository.go:245.2,245.15 1 0
github.com/flashlab/vernon-license/infrastructure/database/user_repository.go:20.41,22.2 1 0
github.com/flashlab/vernon-license/infrastructure/database/user_repository.go:25.86,31.56 3 0
github.com/flashlab/vernon-license/infrastructure/database/user_repository.go:31.56,32.27 1 0
github.com/flashlab/vernon-license/infrastructure/database/user_repository.go:32.27,34.4 1 0
github.com/flashlab/vernon-license/infrastructure/database/user_repository.go:35.3,35.55 1 0
github.com/flashlab/vernon-license/infrastructure/database/user_repository.go:37.2,37.16 1 0
github.com/flashlab/vernon-license/infrastructure/database/user_repository.go:41.89,47.59 3 0
github.com/flashlab/vernon-license/infrastructure/database/user_repository.go:47.59,48.27 1 0
github.com/flashlab/vernon-license/infrastructure/database/user_repository.go:48.27,50.4 1 0
github.com/flashlab/vernon-license/infrastructure/database/user_repository.go:51.3,51.58 1 0
github.com/flashlab/vernon-license/infrastructure/database/user_repository.go:53.2,53.16 1 0
github.com/flashlab/vernon-license/infrastructure/database/user_repository.go:57.73,63.59 3 0
github.com/flashlab/vernon-license/infrastructure/database/user_repository.go:63.59,65.3 1 0
github.com/flashlab/vernon-license/infrastructure/database/user_repository.go:66.2,66.19 1 0
github.com/flashlab/vernon-license/infrastructure/database/user_repository.go:70.70,77.49 2 0
github.com/flashlab/vernon-license/infrastructure/database/user_repository.go:77.49,79.3 1 0
github.com/flashlab/vernon-license/infrastructure/database/user_repository.go:80.2,80.12 1 0
github.com/flashlab/vernon-license/infrastructure/database/user_repository.go:84.70,93.35 2 0
github.com/flashlab/vernon-license/infrastructure/database/user_repository.go:93.35,94.27 1 0
github.com/flashlab/vernon-license/infrastructure/database/user_repository.go:94.27,96.4 1 0
github.com/flashlab/vernon-license/infrastructure/database/user_repository.go:97.3,97.48 1 0
github.com/flashlab/vernon-license/infrastructure/database/user_repository.go:99.2,99.12 1 0
github.com/flashlab/vernon-license/infrastructure/database/user_repository.go:103.84,106.16 3 0
github.com/flashlab/vernon-license/infrastructure/database/user_repository.go:106.16,108.3 1 0
github.com/flashlab/vernon-license/infrastructure/database/user_repository.go:109.2,110.16 2 0
github.com/flashlab/vernon-license/infrastructure/database/user_repository.go:110.16,112.3 1 0
github.com/flashlab/vernon-license/infrastructure/database/user_repository.go:113.2,113.12 1 0
github.com/flashlab/vernon-license/infrastructure/database/user_repository.go:113.12,115.3 1 0
github.com/flashlab/vernon-license/infrastructure/database/user_repository.go:116.2,116.12 1 0
github.com/flashlab/vernon-license/internal/publicapi/register_handler.go:48.20,56.2 1 0
github.com/flashlab/vernon-license/internal/publicapi/register_handler.go:69.74,71.61 2 0
github.com/flashlab/vernon-license/internal/publicapi/register_handler.go:71.61,74.3 2 0
github.com/flashlab/vernon-license/internal/publicapi/register_handler.go:76.2,76.107 1 0
github.com/flashlab/vernon-license/internal/publicapi/register_handler.go:76.107,79.3 2 0
github.com/flashlab/vernon-license/internal/publicapi/register_handler.go:81.2,85.16 3 0
github.com/flashlab/vernon-license/internal/publicapi/register_handler.go:85.16,86.48 1 0
github.com/flashlab/vernon-license/internal/publicapi/register_handler.go:86.48,89.4 2 0
github.com/flashlab/vernon-license/internal/publicapi/register_handler.go:90.3,92.9 3 0
github.com/flashlab/vernon-license/internal/publicapi/register_handler.go:96.2,96.26 1 0
github.com/flashlab/vernon-license/internal/publicapi/register_handler.go:96.26,99.3 2 0
github.com/flashlab/vernon-license/internal/publicapi/register_handler.go:102.2,102.106 1 0
github.com/flashlab/vernon-license/internal/publicapi/register_handler.go:102.106,106.3 3 0
github.com/flashlab/vernon-license/internal/publicapi/register_handler.go:109.2,109.69 1 0
github.com/flashlab/vernon-license/internal/publicapi/register_handler.go:109.69,112.3 1 0
github.com/flashlab/vernon-license/internal/publicapi/register_handler.go:115.2,125.58 2 0
github.com/flashlab/vernon-license/internal/publicapi/register_handler.go:125.58,128.3 1 0
github.com/flashlab/vernon-license/internal/publicapi/register_handler.go:131.2,133.16 3 0
github.com/flashlab/vernon-license/internal/publicapi/register_handler.go:133.16,135.3 1 0
github.com/flashlab/vernon-license/internal/publicapi/register_handler.go:138.2,142.25 3 0
github.com/flashlab/vernon-license/internal/publicapi/register_handler.go:142.25,144.3 1 0
github.com/flashlab/vernon-license/internal/publicapi/register_handler.go:146.2,152.4 1 0
github.com/flashlab/vernon-license/internal/publicapi/response.go:23.74,33.2 3 0
github.com/flashlab/vernon-license/internal/publicapi/response.go:36.58,40.2 3 0
github.com/flashlab/vernon-license/internal/publicapi/validate_handler.go:40.20,46.2 1 0
github.com/flashlab/vernon-license/internal/publicapi/validate_handler.go:57.74,59.15 2 0
github.com/flashlab/vernon-license/internal/publicapi/validate_handler.go:59.15,62.3 2 0
github.com/flashlab/vernon-license/internal/publicapi/validate_handler.go:64.2,67.16 3 0
github.com/flashlab/vernon-license/internal/publicapi/validate_handler.go:67.16,68.48 1 0
github.com/flashlab/vernon-license/internal/publicapi/validate_handler.go:68.48,71.4 2 0
github.com/flashlab/vernon-license/internal/publicapi/validate_handler.go:72.3,74.9 3 0
github.com/flashlab/vernon-license/internal/publicapi/validate_handler.go:78.2,78.69 1 0
github.com/flashlab/vernon-license/internal/publicapi/validate_handler.go:78.69,80.3 1 0
github.com/flashlab/vernon-license/internal/publicapi/validate_handler.go:83.2,84.25 2 0
github.com/flashlab/vernon-license/internal/publicapi/validate_handler.go:84.25,86.3 1 0
github.com/flashlab/vernon-license/internal/publicapi/validate_handler.go:88.2,88.23 1 0
github.com/flashlab/vernon-license/internal/publicapi/validate_handler.go:88.23,95.3 2 0
github.com/flashlab/vernon-license/internal/publicapi/validate_handler.go:97.2,102.4 1 0
github.com/flashlab/vernon-license/internal/config/config.go:47.30,49.17 2 0
github.com/flashlab/vernon-license/internal/config/config.go:49.17,51.3 1 0
github.com/flashlab/vernon-license/internal/config/config.go:53.2,54.21 2 0
github.com/flashlab/vernon-license/internal/config/config.go:54.21,56.3 1 0
github.com/flashlab/vernon-license/internal/config/config.go:58.2,59.16 2 0
github.com/flashlab/vernon-license/internal/config/config.go:59.16,61.3 1 0
github.com/flashlab/vernon-license/internal/config/config.go:63.2,64.20 2 0
github.com/flashlab/vernon-license/internal/config/config.go:64.20,66.3 1 0
github.com/flashlab/vernon-license/internal/config/config.go:68.2,69.23 2 0
github.com/flashlab/vernon-license/internal/config/config.go:69.23,71.3 1 0
github.com/flashlab/vernon-license/internal/config/config.go:73.2,74.25 2 0
github.com/flashlab/vernon-license/internal/config/config.go:74.25,76.3 1 0
github.com/flashlab/vernon-license/internal/config/config.go:78.2,90.8 1 0
github.com/flashlab/vernon-license/internal/middleware/auth.go:29.71,30.46 1 0
github.com/flashlab/vernon-license/internal/middleware/auth.go:30.46,31.72 1 0
github.com/flashlab/vernon-license/internal/middleware/auth.go:31.72,33.69 2 0
github.com/flashlab/vernon-license/internal/middleware/auth.go:33.69,36.5 2 0
github.com/flashlab/vernon-license/internal/middleware/auth.go:38.4,40.18 3 0
github.com/flashlab/vernon-license/internal/middleware/auth.go:40.18,43.5 2 0
github.com/flashlab/vernon-license/internal/middleware/auth.go:45.4,46.41 2 0
github.com/flashlab/vernon-license/internal/middleware/auth.go:54.67,55.46 1 0
github.com/flashlab/vernon-license/internal/middleware/auth.go:55.46,56.72 1 0
github.com/flashlab/vernon-license/internal/middleware/auth.go:56.72,58.11 2 0
github.com/flashlab/vernon-license/internal/middleware/auth.go:58.11,61.5 2 0
github.com/flashlab/vernon-license/internal/middleware/auth.go:63.4,64.31 2 0
github.com/flashlab/vernon-license/internal/middleware/auth.go:64.31,65.39 1 0
github.com/flashlab/vernon-license/internal/middleware/auth.go:65.39,68.6 2 0
github.com/flashlab/vernon-license/internal/middleware/auth.go:71.4,71.61 1 0
github.com/flashlab/vernon-license/internal/middleware/auth.go:78.66,81.2 2 0
github.com/flashlab/vernon-license/internal/middleware/auth.go:84.59,88.2 3 0
github.com/flashlab/vernon-license/internal/middleware/auth.go:91.56,95.2 3 0
github.com/flashlab/vernon-license/internal/middleware/auth.go:98.52,100.2 1 0
github.com/flashlab/vernon-license/pkg/scheduler/scheduler.go:34.38,40.2 1 0
github.com/flashlab/vernon-license/pkg/scheduler/scheduler.go:45.75,53.2 2 0
github.com/flashlab/vernon-license/pkg/scheduler/scheduler.go:57.48,61.32 3 0
github.com/flashlab/vernon-license/pkg/scheduler/scheduler.go:61.32,63.3 1 0
github.com/flashlab/vernon-license/pkg/scheduler/scheduler.go:65.2,68.15 4 0
github.com/flashlab/vernon-license/pkg/scheduler/scheduler.go:72.28,73.21 1 0
github.com/flashlab/vernon-license/pkg/scheduler/scheduler.go:73.21,75.3 1 0
github.com/flashlab/vernon-license/pkg/scheduler/scheduler.go:76.2,77.33 2 0
github.com/flashlab/vernon-license/pkg/scheduler/scheduler.go:81.81,87.6 4 0
github.com/flashlab/vernon-license/pkg/scheduler/scheduler.go:87.6,88.10 1 0
github.com/flashlab/vernon-license/pkg/scheduler/scheduler.go:89.23,90.32 1 0
github.com/flashlab/vernon-license/pkg/scheduler/scheduler.go:91.19,92.10 1 0
github.com/flashlab/vernon-license/pkg/scheduler/scheduler.go:93.21,94.10 1 0
github.com/flashlab/vernon-license/pkg/scheduler/scheduler.go:100.85,105.16 4 0
github.com/flashlab/vernon-license/pkg/scheduler/scheduler.go:105.16,111.3 2 0
github.com/flashlab/vernon-license/pkg/scheduler/scheduler.go:113.2,115.38 1 0
github.com/flashlab/vernon-license/pkg/scheduler/scheduler.go:119.35,120.32 1 0
github.com/flashlab/vernon-license/pkg/scheduler/scheduler.go:120.32,121.24 1 0
github.com/flashlab/vernon-license/pkg/scheduler/scheduler.go:121.24,123.4 1 0
github.com/flashlab/vernon-license/pkg/scheduler/scheduler.go:124.3,125.54 2 0
github.com/flashlab/vernon-license/pkg/middleware/ratelimit.go:14.76,16.2 1 0
github.com/flashlab/vernon-license/pkg/proposal/pdf.go:466.48,468.41 1 0
github.com/flashlab/vernon-license/pkg/proposal/pdf.go:468.41,469.15 1 0
github.com/flashlab/vernon-license/pkg/proposal/pdf.go:469.15,471.5 1 0
github.com/flashlab/vernon-license/pkg/proposal/pdf.go:472.4,474.28 3 0
github.com/flashlab/vernon-license/pkg/proposal/pdf.go:474.28,476.16 2 0
github.com/flashlab/vernon-license/pkg/proposal/pdf.go:476.16,478.6 1 0
github.com/flashlab/vernon-license/pkg/proposal/pdf.go:480.4,480.17 1 0
github.com/flashlab/vernon-license/pkg/proposal/pdf.go:483.2,483.16 1 0
github.com/flashlab/vernon-license/pkg/proposal/pdf.go:483.16,485.3 1 0
github.com/flashlab/vernon-license/pkg/proposal/pdf.go:487.2,505.23 3 0
github.com/flashlab/vernon-license/pkg/proposal/pdf.go:505.23,507.3 1 0
github.com/flashlab/vernon-license/pkg/proposal/pdf.go:508.2,508.31 1 0
github.com/flashlab/vernon-license/pkg/proposal/pdf.go:508.31,510.3 1 0
github.com/flashlab/vernon-license/pkg/proposal/pdf.go:511.2,511.29 1 0
github.com/flashlab/vernon-license/pkg/proposal/pdf.go:511.29,513.3 1 0
github.com/flashlab/vernon-license/pkg/proposal/pdf.go:514.2,514.23 1 0
github.com/flashlab/vernon-license/pkg/proposal/pdf.go:514.23,516.3 1 0
github.com/flashlab/vernon-license/pkg/proposal/pdf.go:517.2,517.27 1 0
github.com/flashlab/vernon-license/pkg/proposal/pdf.go:517.27,519.3 1 0
github.com/flashlab/vernon-license/pkg/proposal/pdf.go:520.2,520.26 1 0
github.com/flashlab/vernon-license/pkg/proposal/pdf.go:520.26,522.3 1 0
github.com/flashlab/vernon-license/pkg/proposal/pdf.go:523.2,523.25 1 0
github.com/flashlab/vernon-license/pkg/proposal/pdf.go:523.25,525.3 1 0
github.com/flashlab/vernon-license/pkg/proposal/pdf.go:526.2,526.29 1 0
github.com/flashlab/vernon-license/pkg/proposal/pdf.go:526.29,528.3 1 0
github.com/flashlab/vernon-license/pkg/proposal/pdf.go:528.8,530.3 1 0
github.com/flashlab/vernon-license/pkg/proposal/pdf.go:531.2,531.24 1 0
github.com/flashlab/vernon-license/pkg/proposal/pdf.go:531.24,533.3 1 0
github.com/flashlab/vernon-license/pkg/proposal/pdf.go:533.8,535.3 1 0
github.com/flashlab/vernon-license/pkg/proposal/pdf.go:536.2,536.20 1 0
github.com/flashlab/vernon-license/pkg/proposal/pdf.go:536.20,538.3 1 0
github.com/flashlab/vernon-license/pkg/proposal/pdf.go:539.2,539.25 1 0
github.com/flashlab/vernon-license/pkg/proposal/pdf.go:539.25,541.3 1 0
github.com/flashlab/vernon-license/pkg/proposal/pdf.go:542.2,542.25 1 0
github.com/flashlab/vernon-license/pkg/proposal/pdf.go:542.25,544.3 1 0
github.com/flashlab/vernon-license/pkg/proposal/pdf.go:547.2,547.59 1 0
github.com/flashlab/vernon-license/pkg/proposal/pdf.go:547.59,549.40 2 0
github.com/flashlab/vernon-license/pkg/proposal/pdf.go:549.40,552.34 3 0
github.com/flashlab/vernon-license/pkg/proposal/pdf.go:552.34,558.5 1 0
github.com/flashlab/vernon-license/pkg/proposal/pdf.go:562.2,563.47 2 0
github.com/flashlab/vernon-license/pkg/proposal/pdf.go:563.47,565.3 1 0
github.com/flashlab/vernon-license/pkg/proposal/pdf.go:566.2,566.25 1 0
github.com/flashlab/vernon-license/pkg/proposal/pdf.go:572.85,574.47 2 0
github.com/flashlab/vernon-license/pkg/proposal/pdf.go:574.47,576.3 1 0
github.com/flashlab/vernon-license/pkg/proposal/pdf.go:577.2,579.62 3 0
github.com/flashlab/vernon-license/pkg/proposal/pdf.go:579.62,581.3 1 0
github.com/flashlab/vernon-license/pkg/proposal/pdf.go:582.2,582.50 1 0
github.com/flashlab/vernon-license/pkg/jwt/jwt.go:21.62,36.16 5 4
github.com/flashlab/vernon-license/pkg/jwt/jwt.go:36.16,38.3 1 0
github.com/flashlab/vernon-license/pkg/jwt/jwt.go:39.2,39.20 1 4
github.com/flashlab/vernon-license/pkg/jwt/jwt.go:44.58,46.89 2 4
github.com/flashlab/vernon-license/pkg/jwt/jwt.go:46.89,47.54 1 4
github.com/flashlab/vernon-license/pkg/jwt/jwt.go:47.54,49.4 1 0
github.com/flashlab/vernon-license/pkg/jwt/jwt.go:50.3,50.29 1 4
github.com/flashlab/vernon-license/pkg/jwt/jwt.go:52.2,52.16 1 4
github.com/flashlab/vernon-license/pkg/jwt/jwt.go:52.16,54.3 1 2
github.com/flashlab/vernon-license/pkg/jwt/jwt.go:55.2,55.18 1 2
github.com/flashlab/vernon-license/pkg/jwt/jwt.go:55.18,57.3 1 0
github.com/flashlab/vernon-license/pkg/jwt/jwt.go:58.2,58.20 1 2
github.com/flashlab/vernon-license/pkg/licenseutil/keygen.go:21.43,23.16 2 1001
github.com/flashlab/vernon-license/pkg/licenseutil/keygen.go:23.16,25.3 1 0
github.com/flashlab/vernon-license/pkg/licenseutil/keygen.go:26.2,26.28 1 1001
github.com/flashlab/vernon-license/pkg/licenseutil/keygen.go:31.48,33.40 2 1001
github.com/flashlab/vernon-license/pkg/licenseutil/keygen.go:33.40,35.3 1 0
github.com/flashlab/vernon-license/pkg/licenseutil/keygen.go:36.2,36.35 1 1001
github.com/flashlab/vernon-license/pkg/licenseutil/keygen.go:40.58,43.24 3 1001
github.com/flashlab/vernon-license/pkg/licenseutil/keygen.go:43.24,45.17 2 8008
github.com/flashlab/vernon-license/pkg/licenseutil/keygen.go:45.17,47.4 1 0
github.com/flashlab/vernon-license/pkg/licenseutil/keygen.go:48.3,48.35 1 8008
github.com/flashlab/vernon-license/pkg/licenseutil/keygen.go:50.2,50.28 1 1001
